<?xml version="1.0" encoding="UTF-8"?>
<testsuite xmlns:xsi="http://www.w3.org/2001/XMLSchema-instance" xsi:noNamespaceSchemaLocation="https://maven.apache.org/surefire/maven-surefire-plugin/xsd/surefire-test-report.xsd" version="3.0.2" name="br.com.souza.saga_orchestrator.application.domain.service.SagaStateMachineTest" time="0.045" tests="11" errors="0" skipped="0" failures="0">
  <properties>
[...]
</properties>
  <testcase name="CONFIRMING_ORDER + SUCCESS should transition to CONFIRMING_RESERVATION" classname="br.com.souza.saga_orchestrator.application.domain.service.SagaStateMachineTest" time="0.018">
    <system-err><![CDATA[jun. 24, 2026 6:42:04 PM org.junit.platform.launcher.core.LauncherConfigurationParameters loadClasspathResource
WARNING: Discovered 3 'junit-platform.properties' configuration files on the classpath (see below); only the first (*) will be used.
- jar:file:/Users/souzadev/.m2/repository/org/apache/kafka/kafka-clients/3.8.1/kafka-clients-3.8.1-test.jar!/junit-platform.properties (*)
- jar:file:/Users/souzadev/.m2/repository/org/apache/kafka/kafka-server-common/3.8.1/kafka-server-common-3.8.1-test.jar!/junit-platform.properties
- jar:file:/Users/souzadev/.m2/repository/org/apache/kafka/kafka_2.13/3.8.1/kafka_2.13-3.8.1-test.jar!/junit-platform.properties
jun. 24, 2026 6:42:04 PM org.junit.platform.launcher.core.LauncherConfigurationParameters loadClasspathResource
WARNING: Discovered 3 'junit-platform.properties' configuration files on the classpath (see below); only the first (*) will be used.
- jar:file:/Users/souzadev/.m2/repository/org/apache/kafka/kafka-clients/3.8.1/kafka-clients-3.8.1-test.jar!/junit-platform.properties (*)
- jar:file:/Users/souzadev/.m2/repository/org/apache/kafka/kafka-server-common/3.8.1/kafka-server-common-3.8.1-test.jar!/junit-platform.properties
- jar:file:/Users/souzadev/.m2/repository/org/apache/kafka/kafka_2.13/3.8.1/kafka_2.13-3.8.1-test.jar!/junit-platform.properties
jun. 24, 2026 6:42:04 PM org.junit.platform.launcher.core.LauncherConfigurationParameters loadClasspathResource
WARNING: Discovered 3 'junit-platform.properties' configuration files on the classpath (see below); only the first (*) will be used.
- jar:file:/Users/souzadev/.m2/repository/org/apache/kafka/kafka-clients/3.8.1/kafka-clients-3.8.1-test.jar!/junit-platform.properties (*)
- jar:file:/Users/souzadev/.m2/repository/org/apache/kafka/kafka-server-common/3.8.1/kafka-server-common-3.8.1-test.jar!/junit-platform.properties
- jar:file:/Users/souzadev/.m2/repository/org/apache/kafka/kafka_2.13/3.8.1/kafka_2.13-3.8.1-test.jar!/junit-platform.properties
jun. 24, 2026 6:42:04 PM org.junit.platform.launcher.core.LauncherConfigurationParameters loadClasspathResource
WARNING: Discovered 3 'junit-platform.properties' configuration files on the classpath (see below); only the first (*) will be used.
- jar:file:/Users/souzadev/.m2/repository/org/apache/kafka/kafka-clients/3.8.1/kafka-clients-3.8.1-test.jar!/junit-platform.properties (*)
- jar:file:/Users/souzadev/.m2/repository/org/apache/kafka/kafka-server-common/3.8.1/kafka-server-common-3.8.1-test.jar!/junit-platform.properties
- jar:file:/Users/souzadev/.m2/repository/org/apache/kafka/kafka_2.13/3.8.1/kafka_2.13-3.8.1-test.jar!/junit-platform.properties
]]></system-err>
  </testcase>
  <testcase name="RESERVING_STOCK + FAILURE should transition to CANCELING_ORDER" classname="br.com.souza.saga_orchestrator.application.domain.service.SagaStateMachineTest" time="0.001"/>
  <testcase name="PROCESSING_PAYMENT + SUCCESS should transition to CONFIRMING_ORDER" classname="br.com.souza.saga_orchestrator.application.domain.service.SagaStateMachineTest" time="0.001"/>
  <testcase name="COMPLETED is terminal and should throw" classname="br.com.souza.saga_orchestrator.application.domain.service.SagaStateMachineTest" time="0.001"/>
  <testcase name="PROCESSING_PAYMENT + FAILURE should transition to RELEASING_STOCK" classname="br.com.souza.saga_orchestrator.application.domain.service.SagaStateMachineTest" time="0.001"/>
  <testcase name="RELEASING_STOCK + SUCCESS should transition to CANCELING_ORDER" classname="br.com.souza.saga_orchestrator.application.domain.service.SagaStateMachineTest" time="0.001"/>
  <testcase name="CANCELING_ORDER + SUCCESS should transition to FAILED" classname="br.com.souza.saga_orchestrator.application.domain.service.SagaStateMachineTest" time="0.0"/>
  <testcase name="STARTED + SUCCESS should transition to RESERVING_STOCK" classname="br.com.souza.saga_orchestrator.application.domain.service.SagaStateMachineTest" time="0.0"/>
  <testcase name="CONFIRMING_RESERVATION + SUCCESS should transition to COMPLETED" classname="br.com.souza.saga_orchestrator.application.domain.service.SagaStateMachineTest" time="0.001"/>
  <testcase name="RESERVING_STOCK + SUCCESS should transition to PROCESSING_PAYMENT" classname="br.com.souza.saga_orchestrator.application.domain.service.SagaStateMachineTest" time="0.0"/>
  <testcase name="FAILED is terminal and should throw" classname="br.com.souza.saga_orchestrator.application.domain.service.SagaStateMachineTest" time="0.0"/>
</testsuite>